2022-03-17 15:58:30.251  INFO 2656 --- [restartedMain] com.ldm.blog.BlogApplication             : Starting BlogApplication using Java 1.8.0_311 on DESKTOP-RFUBQCB with PID 2656 (D:\Data\idea\blog\target\classes started by 86139 in D:\Data\idea\blog)
2022-03-17 15:58:30.251  INFO 2656 --- [restartedMain] com.ldm.blog.BlogApplication             : The following 1 profile is active: "pro"
2022-03-17 15:58:31.527  WARN 2656 --- [restartedMain] com.zaxxer.hikari.util.DriverDataSource  : Registered driver with driverClassName=com.mysql.jdbc.Driver was not found, trying direct instantiation.
2022-03-17 15:58:32.201  WARN 2656 --- [restartedMain] JpaBaseConfiguration$JpaWebConfiguration : spring.jpa.open-in-view is enabled by default. Therefore, database queries may be performed during view rendering. Explicitly configure spring.jpa.open-in-view to disable this warning
2022-03-17 15:58:32.361  WARN 2656 --- [restartedMain] ion$DefaultTemplateResolverConfiguration : Cannot find template location: classpath:/templates/ (please add some templates or check your Thymeleaf configuration)
2022-03-17 15:58:32.451  INFO 2656 --- [restartedMain] com.ldm.blog.BlogApplication             : Started BlogApplication in 2.5 seconds (JVM running for 3.345)
2022-03-17 16:00:17.832  INFO 15584 --- [restartedMain] com.ldm.blog.BlogApplication             : Starting BlogApplication using Java 1.8.0_311 on DESKTOP-RFUBQCB with PID 15584 (D:\Data\idea\blog\target\classes started by 86139 in D:\Data\idea\blog)
2022-03-17 16:00:17.832  INFO 15584 --- [restartedMain] com.ldm.blog.BlogApplication             : The following 1 profile is active: "pro"
2022-03-17 16:00:19.777  WARN 15584 --- [restartedMain] JpaBaseConfiguration$JpaWebConfiguration : spring.jpa.open-in-view is enabled by default. Therefore, database queries may be performed during view rendering. Explicitly configure spring.jpa.open-in-view to disable this warning
2022-03-17 16:00:19.934  WARN 15584 --- [restartedMain] ion$DefaultTemplateResolverConfiguration : Cannot find template location: classpath:/templates/ (please add some templates or check your Thymeleaf configuration)
2022-03-17 16:00:20.012  INFO 15584 --- [restartedMain] com.ldm.blog.BlogApplication             : Started BlogApplication in 2.514 seconds (JVM running for 3.361)
2022-03-17 16:08:16.882  INFO 16808 --- [restartedMain] com.ldm.blog.BlogApplication             : Starting BlogApplication using Java 1.8.0_311 on DESKTOP-RFUBQCB with PID 16808 (D:\Data\idea\blog\target\classes started by 86139 in D:\Data\idea\blog)
2022-03-17 16:08:16.883  INFO 16808 --- [restartedMain] com.ldm.blog.BlogApplication             : The following 1 profile is active: "pro"
2022-03-17 16:08:18.883  WARN 16808 --- [restartedMain] JpaBaseConfiguration$JpaWebConfiguration : spring.jpa.open-in-view is enabled by default. Therefore, database queries may be performed during view rendering. Explicitly configure spring.jpa.open-in-view to disable this warning
2022-03-17 16:08:19.058  WARN 16808 --- [restartedMain] ion$DefaultTemplateResolverConfiguration : Cannot find template location: classpath:/templates/ (please add some templates or check your Thymeleaf configuration)
2022-03-17 16:08:19.155  INFO 16808 --- [restartedMain] com.ldm.blog.BlogApplication             : Started BlogApplication in 2.627 seconds (JVM running for 3.519)
2022-03-17 16:17:44.904  INFO 14748 --- [restartedMain] com.ldm.blog.BlogApplication             : Starting BlogApplication using Java 1.8.0_311 on DESKTOP-RFUBQCB with PID 14748 (D:\Data\idea\blog\target\classes started by 86139 in D:\Data\idea\blog)
2022-03-17 16:17:44.906  INFO 14748 --- [restartedMain] com.ldm.blog.BlogApplication             : The following 1 profile is active: "pro"
2022-03-17 16:17:47.053  WARN 14748 --- [restartedMain] JpaBaseConfiguration$JpaWebConfiguration : spring.jpa.open-in-view is enabled by default. Therefore, database queries may be performed during view rendering. Explicitly configure spring.jpa.open-in-view to disable this warning
2022-03-17 16:17:47.347  INFO 14748 --- [restartedMain] com.ldm.blog.BlogApplication             : Started BlogApplication in 2.813 seconds (JVM running for 3.743)
